<?xml version="1.0" encoding="UTF-8" ?>
<testsuite tests="15" failures="0" name="tictactoe.TicTacToeTest" time="0.374" errors="0" skipped="0">
  <properties>
    <property name="java.runtime.name" value="Java(TM) SE Runtime Environment"/>
    <property name="java.vm.version" value="18.0.1.1+2-6"/>
    <property name="sun.boot.library.path" value="C:\Program Files\Java\jdk-18.0.1.1\bin"/>
    <property name="maven.multiModuleProjectDirectory" value="C:\Users\PC\Desktop\proyectos git\TDD-Tic-Tac-Toe"/>
    <property name="java.vm.vendor" value="Oracle Corporation"/>
    <property name="java.vendor.url" value="https://java.oracle.com/"/>
    <property name="guice.disable.misplaced.annotation.check" value="true"/>
    <property name="path.separator" value=";"/>
    <property name="java.vm.name" value="Java HotSpot(TM) 64-Bit Server VM"/>
    <property name="sun.os.patch.level" value=""/>
    <property name="user.script" value=""/>
    <property name="user.country" value="PE"/>
    <property name="sun.java.launcher" value="SUN_STANDARD"/>
    <property name="test" value="tictactoe.TicTacToeTest"/>
    <property name="java.vm.specification.name" value="Java Virtual Machine Specification"/>
    <property name="user.dir" value="C:\Users\PC\Desktop\proyectos git\TDD-Tic-Tac-Toe"/>
    <property name="java.vm.compressedOopsMode" value="Zero based"/>
    <property name="java.runtime.version" value="18.0.1.1+2-6"/>
    <property name="os.arch" value="amd64"/>
    <property name="java.io.tmpdir" value="C:\Users\PC\AppData\Local\Temp\"/>
    <property name="line.separator" value="
"/>
    <property name="java.vm.specification.vendor" value="Oracle Corporation"/>
    <property name="user.variant" value=""/>
    <property name="os.name" value="Windows 10"/>
    <property name="maven.ext.class.path" value="C:\Program Files\NetBeans-14\netbeans\java\maven-nblib\netbeans-eventspy.jar;C:\Program Files\NetBeans-14\netbeans\java\maven-nblib\netbeans-eventspy.jar"/>
    <property name="classworlds.conf" value="C:\Program Files\NetBeans-14\netbeans\java\maven\bin\m2.conf"/>
    <property name="sun.jnu.encoding" value="Cp1252"/>
    <property name="java.library.path" value="C:\Program Files\Java\jdk-18.0.1.1\bin;C:\Windows\Sun\Java\bin;C:\Windows\system32;C:\Windows;C:\Program Files\Microsoft\jdk-11.0.15.10-hotspot\bin;C:\Program Files\Common Files\Oracle\Java\javapath;C:\Program Files (x86)\Common Files\Oracle\Java\javapath;C:\Windows\system32;C:\Windows;C:\Windows\System32\Wbem;C:\Windows\System32\WindowsPowerShell\v1.0\;C:\Windows\System32\OpenSSH\;C:\ProgramData\chocolatey\bin;C:\Program Files\Git\cmd;C:\Program Files\nodejs\;C:\Program Files\OpenJDK\openjdk-11.0.15_10\bin;;C:\Program Files (x86)\NVIDIA Corporation\PhysX\Common;C:\Program Files\NVIDIA Corporation\NVIDIA NvDLISR;C:\Program Files\dotnet\;C:\Users\PC\AppData\Local\Microsoft\WindowsApps;C:\Users\PC\AppData\Local\Programs\Microsoft VS Code\bin;C:\Users\PC\Desktop\flutter\flutter\bin;C:\tools\dart-sdk\bin;C:\Users\PC\AppData\Roaming\Pub\Cache\bin;C:\tools\dart-sdk\bin;C:\Users\PC\AppData\Roaming\npm;C:\Users\PC\AppData\Local\Android\Sdk\platform-tools;C:\Users\PC\.dotnet\tools;."/>
    <property name="maven.conf" value="C:\Program Files\NetBeans-14\netbeans\java\maven/conf"/>
    <property name="jdk.debug" value="release"/>
    <property name="java.class.version" value="62.0"/>
    <property name="java.specification.name" value="Java Platform API Specification"/>
    <property name="sun.management.compiler" value="HotSpot 64-Bit Tiered Compilers"/>
    <property name="os.version" value="10.0"/>
    <property name="library.jansi.path" value="C:\Program Files\NetBeans-14\netbeans\java\maven\lib\jansi-native"/>
    <property name="user.home" value="C:\Users\PC"/>
    <property name="user.timezone" value="America/Bogota"/>
    <property name="file.encoding" value="UTF-8"/>
    <property name="java.specification.version" value="18"/>
    <property name="user.name" value="PC"/>
    <property name="java.class.path" value="C:\Program Files\NetBeans-14\netbeans\java\maven\boot\plexus-classworlds-2.6.0.jar"/>
    <property name="java.vm.specification.version" value="18"/>
    <property name="sun.arch.data.model" value="64"/>
    <property name="sun.java.command" value="org.codehaus.plexus.classworlds.launcher.Launcher -Dtest=tictactoe.TicTacToeTest -Dmaven.ext.class.path=C:\Program Files\NetBeans-14\netbeans\java\maven-nblib\netbeans-eventspy.jar;C:\Program Files\NetBeans-14\netbeans\java\maven-nblib\netbeans-eventspy.jar surefire:test"/>
    <property name="java.home" value="C:\Program Files\Java\jdk-18.0.1.1"/>
    <property name="user.language" value="es"/>
    <property name="java.specification.vendor" value="Oracle Corporation"/>
    <property name="java.vm.info" value="mixed mode, sharing"/>
    <property name="java.version" value="18.0.1.1"/>
    <property name="native.encoding" value="Cp1252"/>
    <property name="java.vendor" value="Oracle Corporation"/>
    <property name="maven.home" value="C:\Program Files\NetBeans-14\netbeans\java\maven"/>
    <property name="file.separator" value="\"/>
    <property name="java.version.date" value="2022-04-22"/>
    <property name="java.vendor.url.bug" value="https://bugreport.java.com/bugreport/"/>
    <property name="sun.io.unicode.encoding" value="UnicodeLittle"/>
    <property name="sun.cpu.endian" value="little"/>
    <property name="sun.cpu.isalist" value="amd64"/>
  </properties>
  <testcase classname="tictactoe.TicTacToeTest" name="givenACertainMoves_whenPlay_thenNoWinners" time="0.231"/>
  <testcase classname="tictactoe.TicTacToeTest" name="givenOHasPlayedAllHorizontalLines_whenPlay_thenPlayerOIsTheWinner" time="0.014"/>
  <testcase classname="tictactoe.TicTacToeTest" name="givenAColumnIsOutsideOfBoard_whenPlay_thenRuntimeExceptionIsThrown" time="0.018"/>
  <testcase classname="tictactoe.TicTacToeTest" name="givenXHasPlayedAllVerticalLines_whenPlay_thenPlayerXIsTheWinner" time="0.013"/>
  <testcase classname="tictactoe.TicTacToeTest" name="givenSecondTurn_whenNextPlayer_thenItShouldBePlayerY" time="0.015"/>
  <testcase classname="tictactoe.TicTacToeTest" name="givenSecondRound_whenNextPlayer_thenItShouldBePlayerX" time="0.009"/>
  <testcase classname="tictactoe.TicTacToeTest" name="givenOHasPlayedFromBottomLeftToTopRight_whenPlay_thenPlayerOIsTheWinner" time="0.009"/>
  <testcase classname="tictactoe.TicTacToeTest" name="givenXHasPlayedFromBottomLeftToTopRight_whenPlay_thenPlayerXIsTheWinner" time="0.01"/>
  <testcase classname="tictactoe.TicTacToeTest" name="givenAPlay_whenSpotIsOccupied_thenRuntimeExceptionIsThrown" time="0.01"/>
  <testcase classname="tictactoe.TicTacToeTest" name="givenAllSpotsAreFilled_whenPlay_thenTheResultIsDraw" time="0.005"/>
  <testcase classname="tictactoe.TicTacToeTest" name="givenOHasPlayedFromTopLeftToBottomRight_whenPlay_thenPlayerOIsTheWinner" time="0.011"/>
  <testcase classname="tictactoe.TicTacToeTest" name="givenXHasPlayedFromTopLeftToBottomRight_whenPlay_thenPlayerXIsTheWinner" time="0.008"/>
  <testcase classname="tictactoe.TicTacToeTest" name="givenXHasPlayedAllHorizontalLines_whenPlay_thenPlayerXIsTheWinner" time="0.009"/>
  <testcase classname="tictactoe.TicTacToeTest" name="givenFirstTurn_whenNextPlayer_thenItShouldBePlayerX" time="0.006"/>
  <testcase classname="tictactoe.TicTacToeTest" name="givenOHasPlayedAllVerticalLines_whenPlay_thenPlayerOIsTheWinner" time="0.006"/>
</testsuite>